<?xml version="1.0" encoding="UTF-8"?>
<testsuite xmlns:xsi="http://www.w3.org/2001/XMLSchema-instance" xsi:noNamespaceSchemaLocation="https://maven.apache.org/surefire/maven-surefire-plugin/xsd/surefire-test-report.xsd" name="Maven.AppTest" time="0.027" tests="1" errors="0" skipped="0" failures="0">
  <properties>
    <property name="user.variant" value=""/>
    <property name="java.vm.info" value="mixed mode"/>
    <property name="file.encoding.pkg" value="sun.io"/>
    <property name="file.encoding" value="GBK"/>
    <property name="java.specification.name" value="Java Platform API Specification"/>
    <property name="sun.os.patch.level" value=""/>
    <property name="user.dir" value="D:\Java-project\java1test\test2"/>
    <property name="line.separator" value="&#10;"/>
    <property name="java.home" value="D:\Java\jdk1.7.0\jre"/>
    <property name="user.name" value="LSQ"/>
    <property name="sun.boot.library.path" value="D:\Java\jdk1.7.0\jre\bin"/>
    <property name="user.home" value="C:\Users\LSQ"/>
    <property name="localRepository" value="D:\OtherSoft\repository"/>
    <property name="sun.java.launcher" value="SUN_STANDARD"/>
    <property name="java.class.version" value="51.0"/>
    <property name="user.language" value="zh"/>
    <property name="java.vendor.url.bug" value="http://bugreport.sun.com/bugreport/"/>
    <property name="sun.jnu.encoding" value="GBK"/>
    <property name="java.io.tmpdir" value="C:\Users\LSQ\AppData\Local\Temp\"/>
    <property name="java.specification.vendor" value="Oracle Corporation"/>
    <property name="file.separator" value="\"/>
    <property name="java.class.path" value="D:\Java-project\java1test\test2\target\test-classes;D:\Java-project\java1test\test2\target\classes;D:\OtherSoft\repository\junit\junit\4.11\junit-4.11.jar;D:\OtherSoft\repository\org\hamcrest\hamcrest-core\1.3\hamcrest-core-1.3.jar;"/>
    <property name="java.vm.vendor" value="Oracle Corporation"/>
    <property name="sun.cpu.endian" value="little"/>
    <property name="java.vm.specification.vendor" value="Oracle Corporation"/>
    <property name="java.specification.version" value="1.7"/>
    <property name="user.script" value=""/>
    <property name="awt.toolkit" value="sun.awt.windows.WToolkit"/>
    <property name="sun.java.command" value="C:\Users\LSQ\AppData\Local\Temp\surefire7232573958554221760\surefirebooter5639532612468407396.jar C:\Users\LSQ\AppData\Local\Temp\surefire7232573958554221760 2021-06-03T17-27-58_346-jvmRun1 surefire2478125652725339132tmp surefire_06577410632240036049tmp"/>
    <property name="user.timezone" value="Asia/Shanghai"/>
    <property name="surefire.test.class.path" value="D:\Java-project\java1test\test2\target\test-classes;D:\Java-project\java1test\test2\target\classes;D:\OtherSoft\repository\junit\junit\4.11\junit-4.11.jar;D:\OtherSoft\repository\org\hamcrest\hamcrest-core\1.3\hamcrest-core-1.3.jar;"/>
    <property name="java.runtime.version" value="1.7.0_17-b02"/>
    <property name="java.vendor" value="Oracle Corporation"/>
    <property name="sun.management.compiler" value="HotSpot 64-Bit Tiered Compilers"/>
    <property name="sun.arch.data.model" value="64"/>
    <property name="os.arch" value="amd64"/>
    <property name="sun.io.unicode.encoding" value="UnicodeLittle"/>
    <property name="java.awt.printerjob" value="sun.awt.windows.WPrinterJob"/>
    <property name="path.separator" value=";"/>
    <property name="java.runtime.name" value="Java(TM) SE Runtime Environment"/>
    <property name="java.vendor.url" value="http://java.oracle.com/"/>
    <property name="sun.boot.class.path" value="D:\Java\jdk1.7.0\jre\lib\resources.jar;D:\Java\jdk1.7.0\jre\lib\rt.jar;D:\Java\jdk1.7.0\jre\lib\sunrsasign.jar;D:\Java\jdk1.7.0\jre\lib\jsse.jar;D:\Java\jdk1.7.0\jre\lib\jce.jar;D:\Java\jdk1.7.0\jre\lib\charsets.jar;D:\Java\jdk1.7.0\jre\lib\jfr.jar;D:\Java\jdk1.7.0\jre\classes"/>
    <property name="surefire.real.class.path" value="C:\Users\LSQ\AppData\Local\Temp\surefire7232573958554221760\surefirebooter5639532612468407396.jar"/>
    <property name="java.endorsed.dirs" value="D:\Java\jdk1.7.0\jre\lib\endorsed"/>
    <property name="sun.desktop" value="windows"/>
    <property name="java.vm.version" value="23.7-b01"/>
    <property name="os.name" value="Windows 8"/>
    <property name="java.vm.specification.version" value="1.7"/>
    <property name="sun.cpu.isalist" value="amd64"/>
    <property name="java.version" value="1.7.0_17"/>
    <property name="java.vm.specification.name" value="Java Virtual Machine Specification"/>
    <property name="java.ext.dirs" value="D:\Java\jdk1.7.0\jre\lib\ext;C:\Windows\Sun\Java\lib\ext"/>
    <property name="os.version" value="6.2"/>
    <property name="basedir" value="D:\Java-project\java1test\test2"/>
    <property name="java.library.path" value="D:\Java\jdk1.7.0\jre\bin;C:\Windows\Sun\Java\bin;C:\Windows\system32;C:\Windows;C:\Windows\system32;C:\Windows;C:\Windows\System32\Wbem;C:\Windows\System32\WindowsPowerShell\v1.0\;C:\Windows\System32\OpenSSH\;D:\Java\jdk1.7.0\bin;D:\Java\jdk1.7.0\jre\bin;D:\Applications\Information Management\mysql-5.6.47\bin;C:\Android;C:\Windows\System32;D:\Applications\Developers\MinGW\bin;D:\Applications\Developers\bin;&quot;D:\Java\jdk1.7.0\bin;D:\Java\jdk1.7.0\jre\bin;&quot;;C:\Users\LSQ\.dnx\bin;C:\Program Files\Microsoft DNX\Dnvm\;C:\Program Files\Microsoft SQL Server\120\Tools\Binn\;C:\Program Files\Microsoft SQL Server\130\Tools\Binn\;C:\Program Files\Git\cmd;D:\maven\apache-maven-3.6.1\bin;C:\Users\LSQ\AppData\Local\Microsoft\WindowsApps;D:\Applications\Internet\Fiddler;D:\Java\jdk1.7.0\bin;D:\Applications\SciTools\bin\pc-win64;D:\IntelliJ IDEA 2019.2.1\bin;;."/>
    <property name="java.awt.graphicsenv" value="sun.awt.Win32GraphicsEnvironment"/>
    <property name="java.vm.name" value="Java HotSpot(TM) 64-Bit Server VM"/>
    <property name="user.country" value="CN"/>
  </properties>
  <testcase name="shouldAnswerWithTrue" classname="Maven.AppTest" time="0.002"/>
</testsuite>